Arguments: 
  /usr/local/bin/node /Users/didi/.yarn/bin/yarn.js

PATH: 
  /Users/didi/.yarn/bin:/Users/didi/.config/yarn/global/node_modules/.bin:/usr/local/bin:/usr/bin:/bin:/usr/sbin:/sbin:/usr/local/munki:/Users/didi/.yarn/bin:/Users/didi/.config/yarn/global/node_modules/.bin

Yarn version: 
  1.22.5

Node version: 
  12.20.0

Platform: 
  darwin x64

Trace: 
  Error: EINVAL: invalid argument, unlink '/Users/didi/Documents/learn/webpack5/node_modules/snapdragon-node/node_modules/define-property'

npm manifest: 
  {
    "name": "electric-portal-dashboard",
    "version": "1.0.0",
    "description": "电科院大屏web 项目",
    "main": "index.js",
    "scripts": {
      "test": "echo \"Error: no test specified\" && exit 1",
      "dev": "webpack serve --config /main.js",
      "build": "webpack --config main.js"
    },
    "author": "",
    "license": "ISC",
    "devDependencies": {
      "@babel/core": "^7.12.10",
      "@babel/plugin-transform-runtime": "^7.12.10",
      "@babel/preset-env": "^7.12.10",
      "@babel/preset-react": "^7.12.7",
      "@babel/preset-typescript": "^7.12.7",
      "@babel/runtime": "^7.12.5",
      "@types/cssnano": "^4.0.0",
      "@types/echarts": "^4.9.2",
      "@types/fork-ts-checker-webpack-plugin": "^0.4.5",
      "@types/friendly-errors-webpack-plugin": "^0.1.2",
      "@types/mini-css-extract-plugin": "^1.2.1",
      "@types/node": "^14.14.13",
      "@types/optimize-css-assets-webpack-plugin": "^5.0.1",
      "@types/react": "^17.0.0",
      "@types/react-dom": "^17.0.0",
      "@types/webpack": "^4.41.25",
      "@types/webpack-dev-server": "^3.11.1",
      "@typescript-eslint/eslint-plugin": "^4.9.1",
      "@typescript-eslint/parser": "^4.9.1",
      "autoprefixer": "^10.1.0",
      "babel-eslint": "^10.1.0",
      "clean-webpack-plugin": "^3.0.0",
      "css-loader": "^5.0.1",
      "cssnano": "^4.1.10",
      "eslint": "^7.15.0",
      "eslint-plugin-react": "^7.21.5",
      "eslint-plugin-react-hooks": "^4.2.0",
      "file-loader": "^6.2.0",
      "fork-ts-checker-webpack-plugin": "^6.0.5",
      "friendly-errors-webpack-plugin": "^1.7.0",
      "glob": "^7.1.6",
      "html-webpack-externals-plugin": "^3.8.0",
      "html-webpack-plugin": "^4.5.0",
      "less": "^3.13.0",
      "less-loader": "^7.1.0",
      "mini-css-extract-plugin": "^1.3.2",
      "optimize-css-assets-webpack-plugin": "^5.0.4",
      "style-loader": "^2.0.0",
      "ts-loader": "^8.0.11",
      "ts-node": "^9.1.1",
      "typescript": "^4.1.2",
      "webpack": "^5.10.0",
      "webpack-cli": "^4.2.0",
      "webpack-dev-server": "^3.11.0",
      "webpack-merge": "^5.4.1"
    },
    "dependencies": {
      "@types/echarts": "^4.9.2",
      "antd": "^4.9.3",
      "babel-loader": "^8.2.2",
      "echarts": "^4.9.0",
      "query-string": "^6.13.7",
      "react": "^17.0.1",
      "react-dom": "^17.0.1",
      "react-use": "^15.3.4"
    }
  }

yarn manifest: 
  No manifest

Lockfile: 
  No lockfile
